# JRE version: Java(TM) SE Runtime Environment (21.0.12+7) (build 21.0.12+7-LTS-205)
# Java VM: Java HotSpot(TM) 64-Bit Server VM (21.0.12+7-LTS-205, mixed mode, sharing, tiered, compressed oops, compressed class ptrs, g1 gc, windows-amd64)
GC Precious Log:
 CardTable entry size: 512
 Card Set container configuration: InlinePtr #cards 4 size 8 Array Of Cards #cards 16 size 48 Howl #buckets 8 coarsen threshold 3686 Howl Bitmap #cards 512 size 80 coarsen threshold 460 Card regions per heap region 1 cards per card region 4096
 CPUs: 4 total, 4 available
 Memory: 10182M
 Large Page Support: Disabled
 NUMA Support: Disabled
 Compressed Oops: Enabled (Zero based)
 Heap Region Size: 2M
 Heap Min Capacity: 8M
 Heap Initial Capacity: 160M
 Heap Max Capacity: 2546M
 Pre-touch: Disabled
 Parallel Workers: 4
 Concurrent Workers: 1
 Concurrent Refinement Workers: 4
 Periodic GC: Disabled
Heap:
 garbage-first heap   total 129024K, used 92892K [0x0000000760e00000, 0x0000000800000000)
  region size 2048K, 1 young (2048K), 1 survivors (2048K)
 Metaspace       used 35407K, committed 35968K, reserved 1114112K
  class space    used 3970K, committed 4224K, reserved 1048576K
GC Heap History (20 events):
Event: 13.544 GC heap after
{Heap after GC invocations=8 (full 0):
 garbage-first heap   total 71680K, used 40722K [0x0000000760e00000, 0x0000000800000000)
  region size 2048K, 2 young (4096K), 2 survivors (4096K)
 Metaspace       used 27989K, committed 28352K, reserved 1114112K
  class space    used 3188K, committed 3392K, reserved 1048576K
}
Event: 14.004 GC heap before
{Heap before GC invocations=8 (full 0):
 garbage-first heap   total 71680K, used 57106K [0x0000000760e00000, 0x0000000800000000)
  region size 2048K, 10 young (20480K), 2 survivors (4096K)
 Metaspace       used 28477K, committed 28864K, reserved 1114112K
  class space    used 3222K, committed 3392K, reserved 1048576K
}
Event: 14.019 GC heap after
{Heap after GC invocations=9 (full 0):
 garbage-first heap   total 71680K, used 45062K [0x0000000760e00000, 0x0000000800000000)
  region size 2048K, 2 young (4096K), 2 survivors (4096K)
 Metaspace       used 28477K, committed 28864K, reserved 1114112K
  class space    used 3222K, committed 3392K, reserved 1048576K
}
Event: 14.911 GC heap before
{Heap before GC invocations=10 (full 0):
 garbage-first heap   total 75776K, used 55302K [0x0000000760e00000, 0x0000000800000000)
  region size 2048K, 9 young (18432K), 2 survivors (4096K)
 Metaspace       used 29878K, committed 30272K, reserved 1114112K
  class space    used 3397K, committed 3584K, reserved 1048576K
}
Event: 14.929 GC heap after
{Heap after GC invocations=11 (full 0):
 garbage-first heap   total 75776K, used 43244K [0x0000000760e00000, 0x0000000800000000)
  region size 2048K, 2 young (4096K), 2 survivors (4096K)
 Metaspace       used 29878K, committed 30272K, reserved 1114112K
  class space    used 3397K, committed 3584K, reserved 1048576K
}
Event: 16.149 GC heap before
{Heap before GC invocations=11 (full 0):
 garbage-first heap   total 75776K, used 61676K [0x0000000760e00000, 0x0000000800000000)
  region size 2048K, 11 young (22528K), 2 survivors (4096K)
 Metaspace       used 30694K, committed 31168K, reserved 1114112K
  class space    used 3422K, committed 3648K, reserved 1048576K
}
Event: 16.161 GC heap after
{Heap after GC invocations=12 (full 0):
 garbage-first heap   total 92160K, used 42961K [0x0000000760e00000, 0x0000000800000000)
  region size 2048K, 2 young (4096K), 2 survivors (4096K)
 Metaspace       used 30694K, committed 31168K, reserved 1114112K
  class space    used 3422K, committed 3648K, reserved 1048576K
}
Event: 17.931 GC heap before
{Heap before GC invocations=12 (full 0):
 garbage-first heap   total 92160K, used 75729K [0x0000000760e00000, 0x0000000800000000)
  region size 2048K, 18 young (36864K), 2 survivors (4096K)
 Metaspace       used 31083K, committed 31552K, reserved 1114112K
  class space    used 3446K, committed 3648K, reserved 1048576K
}
Event: 17.951 GC heap after
{Heap after GC invocations=13 (full 0):
 garbage-first heap   total 92160K, used 44872K [0x0000000760e00000, 0x0000000800000000)
  region size 2048K, 3 young (6144K), 3 survivors (6144K)
 Metaspace       used 31083K, committed 31552K, reserved 1114112K
  class space    used 3446K, committed 3648K, reserved 1048576K
}
Event: 18.911 GC heap before
{Heap before GC invocations=13 (full 0):
 garbage-first heap   total 92160K, used 77640K [0x0000000760e00000, 0x0000000800000000)
  region size 2048K, 19 young (38912K), 3 survivors (6144K)
 Metaspace       used 32307K, committed 32768K, reserved 1114112K
  class space    used 3541K, committed 3776K, reserved 1048576K
}
Event: 18.936 GC heap after
{Heap after GC invocations=14 (full 0):
 garbage-first heap   total 92160K, used 46537K [0x0000000760e00000, 0x0000000800000000)
  region size 2048K, 3 young (6144K), 3 survivors (6144K)
 Metaspace       used 32307K, committed 32768K, reserved 1114112K
  class space    used 3541K, committed 3776K, reserved 1048576K
}
Event: 20.029 GC heap before
{Heap before GC invocations=14 (full 0):
 garbage-first heap   total 92160K, used 77257K [0x0000000760e00000, 0x0000000800000000)
  region size 2048K, 18 young (36864K), 3 survivors (6144K)
 Metaspace       used 33111K, committed 33664K, reserved 1114112K
  class space    used 3694K, committed 3968K, reserved 1048576K
}
Event: 20.045 GC heap after
{Heap after GC invocations=15 (full 0):
 garbage-first heap   total 92160K, used 47627K [0x0000000760e00000, 0x0000000800000000)
  region size 2048K, 2 young (4096K), 2 survivors (4096K)
 Metaspace       used 33111K, committed 33664K, reserved 1114112K
  class space    used 3694K, committed 3968K, reserved 1048576K
}
Event: 22.040 GC heap before
{Heap before GC invocations=16 (full 0):
 garbage-first heap   total 92160K, used 78347K [0x0000000760e00000, 0x0000000800000000)
  region size 2048K, 18 young (36864K), 2 survivors (4096K)
 Metaspace       used 35210K, committed 35712K, reserved 1114112K
  class space    used 3942K, committed 4160K, reserved 1048576K
}
Event: 22.057 GC heap after
{Heap after GC invocations=17 (full 0):
 garbage-first heap   total 100352K, used 61684K [0x0000000760e00000, 0x0000000800000000)
  region size 2048K, 3 young (6144K), 3 survivors (6144K)
 Metaspace       used 35210K, committed 35712K, reserved 1114112K
  class space    used 3942K, committed 4160K, reserved 1048576K
}
Event: 22.221 GC heap before
{Heap before GC invocations=17 (full 0):
 garbage-first heap   total 100352K, used 78068K [0x0000000760e00000, 0x0000000800000000)
  region size 2048K, 13 young (26624K), 3 survivors (6144K)
 Metaspace       used 35387K, committed 35904K, reserved 1114112K
  class space    used 3968K, committed 4224K, reserved 1048576K
}
Event: 22.242 GC heap after
{Heap after GC invocations=18 (full 0):
 garbage-first heap   total 112640K, used 69876K [0x0000000760e00000, 0x0000000800000000)
  region size 2048K, 2 young (4096K), 2 survivors (4096K)
 Metaspace       used 35387K, committed 35904K, reserved 1114112K
  class space    used 3968K, committed 4224K, reserved 1048576K
}
Event: 22.313 GC heap before
{Heap before GC invocations=18 (full 0):
 garbage-first heap   total 112640K, used 82164K [0x0000000760e00000, 0x0000000800000000)
  region size 2048K, 9 young (18432K), 2 survivors (4096K)
 Metaspace       used 35404K, committed 35968K, reserved 1114112K
  class space    used 3970K, committed 4224K, reserved 1048576K
}
Event: 22.329 GC heap after
{Heap after GC invocations=19 (full 0):
 garbage-first heap   total 112640K, used 82408K [0x0000000760e00000, 0x0000000800000000)
  region size 2048K, 2 young (4096K), 2 survivors (4096K)
 Metaspace       used 35404K, committed 35968K, reserved 1114112K
  class space    used 3970K, committed 4224K, reserved 1048576K
}
Event: 22.447 GC heap before
{Heap before GC invocations=19 (full 0):
 garbage-first heap   total 112640K, used 88552K [0x0000000760e00000, 0x0000000800000000)
  region size 2048K, 7 young (14336K), 2 survivors (4096K)
 Metaspace       used 35407K, committed 35968K, reserved 1114112K
  class space    used 3970K, committed 4224K, reserved 1048576K
}

